Analysis & Synthesis report for traffic
Tue Dec 04 15:27:53 2018
Quartus Prime Version 18.0.0 Build 614 04/24/2018 SJ Lite Edition


---------------------
; Table of Contents ;
---------------------
  1. Legal Notice
  2. Analysis & Synthesis Summary
  3. Analysis & Synthesis Settings
  4. Parallel Compilation
  5. Analysis & Synthesis Source Files Read
  6. Analysis & Synthesis Resource Usage Summary
  7. Analysis & Synthesis Resource Utilization by Entity
  8. State Machine - |traffic|FSM:A2|next_state
  9. General Register Statistics
 10. Inverted Register Statistics
 11. Multiplexer Restructuring Statistics (Restructuring Performed)
 12. Post-Synthesis Netlist Statistics for Top Partition
 13. Elapsed Time Per Partition
 14. Analysis & Synthesis Messages



----------------
; Legal Notice ;
----------------
Copyright (C) 2018  Intel Corporation. All rights reserved.
Your use of Intel Corporation's design tools, logic functions 
and other software and tools, and its AMPP partner logic 
functions, and any output files from any of the foregoing 
(including device programming or simulation files), and any 
associated documentation or information are expressly subject 
to the terms and conditions of the Intel Program License 
Subscription Agreement, the Intel Quartus Prime License Agreement,
the Intel FPGA IP License Agreement, or other applicable license
agreement, including, without limitation, that your use is for
the sole purpose of programming logic devices manufactured by
Intel and sold by Intel or its authorized distributors.  Please
refer to the applicable agreement for further details.



+----------------------------------------------------------------------------------+
; Analysis & Synthesis Summary                                                     ;
+------------------------------------+---------------------------------------------+
; Analysis & Synthesis Status        ; Successful - Tue Dec 04 15:27:53 2018       ;
; Quartus Prime Version              ; 18.0.0 Build 614 04/24/2018 SJ Lite Edition ;
; Revision Name                      ; traffic                                     ;
; Top-level Entity Name              ; traffic                                     ;
; Family                             ; Cyclone IV E                                ;
; Total logic elements               ; 94                                          ;
;     Total combinational functions  ; 94                                          ;
;     Dedicated logic registers      ; 48                                          ;
; Total registers                    ; 48                                          ;
; Total pins                         ; 36                                          ;
; Total virtual pins                 ; 0                                           ;
; Total memory bits                  ; 0                                           ;
; Embedded Multiplier 9-bit elements ; 0                                           ;
; Total PLLs                         ; 0                                           ;
+------------------------------------+---------------------------------------------+


+------------------------------------------------------------------------------------------------------------+
; Analysis & Synthesis Settings                                                                              ;
+------------------------------------------------------------------+--------------------+--------------------+
; Option                                                           ; Setting            ; Default Value      ;
+------------------------------------------------------------------+--------------------+--------------------+
; Device                                                           ; EP4CE115F29C7      ;                    ;
; Top-level entity name                                            ; traffic            ; traffic            ;
; Family name                                                      ; Cyclone IV E       ; Cyclone V          ;
; Use smart compilation                                            ; Off                ; Off                ;
; Enable parallel Assembler and Timing Analyzer during compilation ; On                 ; On                 ;
; Enable compact report table                                      ; Off                ; Off                ;
; Restructure Multiplexers                                         ; Auto               ; Auto               ;
; Create Debugging Nodes for IP Cores                              ; Off                ; Off                ;
; Preserve fewer node names                                        ; On                 ; On                 ;
; Intel FPGA IP Evaluation Mode                                    ; Enable             ; Enable             ;
; Verilog Version                                                  ; Verilog_2001       ; Verilog_2001       ;
; VHDL Version                                                     ; VHDL_1993          ; VHDL_1993          ;
; State Machine Processing                                         ; Auto               ; Auto               ;
; Safe State Machine                                               ; Off                ; Off                ;
; Extract Verilog State Machines                                   ; On                 ; On                 ;
; Extract VHDL State Machines                                      ; On                 ; On                 ;
; Ignore Verilog initial constructs                                ; Off                ; Off                ;
; Iteration limit for constant Verilog loops                       ; 5000               ; 5000               ;
; Iteration limit for non-constant Verilog loops                   ; 250                ; 250                ;
; Add Pass-Through Logic to Inferred RAMs                          ; On                 ; On                 ;
; Infer RAMs from Raw Logic                                        ; On                 ; On                 ;
; Parallel Synthesis                                               ; On                 ; On                 ;
; DSP Block Balancing                                              ; Auto               ; Auto               ;
; NOT Gate Push-Back                                               ; On                 ; On                 ;
; Power-Up Don't Care                                              ; On                 ; On                 ;
; Remove Redundant Logic Cells                                     ; Off                ; Off                ;
; Remove Duplicate Registers                                       ; On                 ; On                 ;
; Ignore CARRY Buffers                                             ; Off                ; Off                ;
; Ignore CASCADE Buffers                                           ; Off                ; Off                ;
; Ignore GLOBAL Buffers                                            ; Off                ; Off                ;
; Ignore ROW GLOBAL Buffers                                        ; Off                ; Off                ;
; Ignore LCELL Buffers                                             ; Off                ; Off                ;
; Ignore SOFT Buffers                                              ; On                 ; On                 ;
; Limit AHDL Integers to 32 Bits                                   ; Off                ; Off                ;
; Optimization Technique                                           ; Balanced           ; Balanced           ;
; Carry Chain Length                                               ; 70                 ; 70                 ;
; Auto Carry Chains                                                ; On                 ; On                 ;
; Auto Open-Drain Pins                                             ; On                 ; On                 ;
; Perform WYSIWYG Primitive Resynthesis                            ; Off                ; Off                ;
; Auto ROM Replacement                                             ; On                 ; On                 ;
; Auto RAM Replacement                                             ; On                 ; On                 ;
; Auto DSP Block Replacement                                       ; On                 ; On                 ;
; Auto Shift Register Replacement                                  ; Auto               ; Auto               ;
; Allow Shift Register Merging across Hierarchies                  ; Auto               ; Auto               ;
; Auto Clock Enable Replacement                                    ; On                 ; On                 ;
; Strict RAM Replacement                                           ; Off                ; Off                ;
; Allow Synchronous Control Signals                                ; On                 ; On                 ;
; Force Use of Synchronous Clear Signals                           ; Off                ; Off                ;
; Auto RAM Block Balancing                                         ; On                 ; On                 ;
; Auto RAM to Logic Cell Conversion                                ; Off                ; Off                ;
; Auto Resource Sharing                                            ; Off                ; Off                ;
; Allow Any RAM Size For Recognition                               ; Off                ; Off                ;
; Allow Any ROM Size For Recognition                               ; Off                ; Off                ;
; Allow Any Shift Register Size For Recognition                    ; Off                ; Off                ;
; Use LogicLock Constraints during Resource Balancing              ; On                 ; On                 ;
; Ignore translate_off and synthesis_off directives                ; Off                ; Off                ;
; Timing-Driven Synthesis                                          ; On                 ; On                 ;
; Report Parameter Settings                                        ; On                 ; On                 ;
; Report Source Assignments                                        ; On                 ; On                 ;
; Report Connectivity Checks                                       ; On                 ; On                 ;
; Ignore Maximum Fan-Out Assignments                               ; Off                ; Off                ;
; Synchronization Register Chain Length                            ; 2                  ; 2                  ;
; Power Optimization During Synthesis                              ; Normal compilation ; Normal compilation ;
; HDL message level                                                ; Level2             ; Level2             ;
; Suppress Register Optimization Related Messages                  ; Off                ; Off                ;
; Number of Removed Registers Reported in Synthesis Report         ; 5000               ; 5000               ;
; Number of Swept Nodes Reported in Synthesis Report               ; 5000               ; 5000               ;
; Number of Inverted Registers Reported in Synthesis Report        ; 100                ; 100                ;
; Clock MUX Protection                                             ; On                 ; On                 ;
; Auto Gated Clock Conversion                                      ; Off                ; Off                ;
; Block Design Naming                                              ; Auto               ; Auto               ;
; SDC constraint protection                                        ; Off                ; Off                ;
; Synthesis Effort                                                 ; Auto               ; Auto               ;
; Shift Register Replacement - Allow Asynchronous Clear Signal     ; On                 ; On                 ;
; Pre-Mapping Resynthesis Optimization                             ; Off                ; Off                ;
; Analysis & Synthesis Message Level                               ; Medium             ; Medium             ;
; Disable Register Merging Across Hierarchies                      ; Auto               ; Auto               ;
; Resource Aware Inference For Block RAM                           ; On                 ; On                 ;
+------------------------------------------------------------------+--------------------+--------------------+


+------------------------------------------+
; Parallel Compilation                     ;
+----------------------------+-------------+
; Processors                 ; Number      ;
+----------------------------+-------------+
; Number detected on machine ; 8           ;
; Maximum allowed            ; 4           ;
;                            ;             ;
; Average used               ; 1.00        ;
; Maximum used               ; 4           ;
;                            ;             ;
; Usage by Processor         ; % Time Used ;
;     Processor 1            ; 100.0%      ;
;     Processor 2            ;   0.0%      ;
;     Processors 3-4         ;   0.0%      ;
+----------------------------+-------------+


+---------------------------------------------------------------------------------------------------------------------------------+
; Analysis & Synthesis Source Files Read                                                                                          ;
+----------------------------------+-----------------+-----------------+------------------------------------------------+---------+
; File Name with User-Entered Path ; Used in Netlist ; File Type       ; File Name with Absolute Path                   ; Library ;
+----------------------------------+-----------------+-----------------+------------------------------------------------+---------+
; traffic.vhd                      ; yes             ; User VHDL File  ; C:/Users/cas0618/TRAFFIC 2/TRAFFIC/traffic.vhd ;         ;
; DIVIDER.vhd                      ; yes             ; User VHDL File  ; C:/Users/cas0618/TRAFFIC 2/TRAFFIC/DIVIDER.vhd ;         ;
; FSM.vhd                          ; yes             ; User VHDL File  ; C:/Users/cas0618/TRAFFIC 2/TRAFFIC/FSM.vhd     ;         ;
+----------------------------------+-----------------+-----------------+------------------------------------------------+---------+


+-----------------------------------------------------------+
; Analysis & Synthesis Resource Usage Summary               ;
+---------------------------------------------+-------------+
; Resource                                    ; Usage       ;
+---------------------------------------------+-------------+
; Estimated Total logic elements              ; 94          ;
;                                             ;             ;
; Total combinational functions               ; 94          ;
; Logic element usage by number of LUT inputs ;             ;
;     -- 4 input functions                    ; 29          ;
;     -- 3 input functions                    ; 21          ;
;     -- <=2 input functions                  ; 44          ;
;                                             ;             ;
; Logic elements by mode                      ;             ;
;     -- normal mode                          ; 63          ;
;     -- arithmetic mode                      ; 31          ;
;                                             ;             ;
; Total registers                             ; 48          ;
;     -- Dedicated logic registers            ; 48          ;
;     -- I/O registers                        ; 0           ;
;                                             ;             ;
; I/O pins                                    ; 36          ;
;                                             ;             ;
; Embedded Multiplier 9-bit elements          ; 0           ;
;                                             ;             ;
; Maximum fan-out node                        ; SW[0]~input ;
; Maximum fan-out                             ; 39          ;
; Total fan-out                               ; 452         ;
; Average fan-out                             ; 2.11        ;
+---------------------------------------------+-------------+


+----------------------------------------------------------------------------------------------------------------------------------------------------------------------------------------------------------+
; Analysis & Synthesis Resource Utilization by Entity                                                                                                                                                      ;
+----------------------------+---------------------+---------------------------+-------------+--------------+---------+-----------+------+--------------+---------------------+-------------+--------------+
; Compilation Hierarchy Node ; Combinational ALUTs ; Dedicated Logic Registers ; Memory Bits ; DSP Elements ; DSP 9x9 ; DSP 18x18 ; Pins ; Virtual Pins ; Full Hierarchy Name ; Entity Name ; Library Name ;
+----------------------------+---------------------+---------------------------+-------------+--------------+---------+-----------+------+--------------+---------------------+-------------+--------------+
; |traffic                   ; 94 (0)              ; 48 (0)                    ; 0           ; 0            ; 0       ; 0         ; 36   ; 0            ; |traffic            ; traffic     ; work         ;
;    |DIVIDER:A1|            ; 56 (56)             ; 33 (33)                   ; 0           ; 0            ; 0       ; 0         ; 0    ; 0            ; |traffic|DIVIDER:A1 ; DIVIDER     ; work         ;
;    |FSM:A2|                ; 38 (38)             ; 15 (15)                   ; 0           ; 0            ; 0       ; 0         ; 0    ; 0            ; |traffic|FSM:A2     ; FSM         ; work         ;
+----------------------------+---------------------+---------------------------+-------------+--------------+---------+-----------+------+--------------+---------------------+-------------+--------------+
Note: For table entries with two numbers listed, the numbers in parentheses indicate the number of resources of the given type used by the specific entity alone. The numbers listed outside of parentheses indicate the total resources of the given type used by the specific entity and all of its sub-entities in the hierarchy.


Encoding Type:  One-Hot
+-------------------------------------------------------------------------------------------------------------------------------------------------------------------------------------------------------------------------------------------------------------------------------------+
; State Machine - |traffic|FSM:A2|next_state                                                                                                                                                                                                                                          ;
+-----------------+-----------------+-----------------+-----------------+-----------------+-----------------+----------------+----------------+----------------+----------------+----------------+----------------+----------------+----------------+----------------+----------------+
; Name            ; next_state.ST14 ; next_state.ST13 ; next_state.ST12 ; next_state.ST11 ; next_state.ST10 ; next_state.ST9 ; next_state.ST8 ; next_state.ST7 ; next_state.ST6 ; next_state.ST5 ; next_state.ST4 ; next_state.ST3 ; next_state.ST2 ; next_state.ST1 ; next_state.ST0 ;
+-----------------+-----------------+-----------------+-----------------+-----------------+-----------------+----------------+----------------+----------------+----------------+----------------+----------------+----------------+----------------+----------------+----------------+
; next_state.ST0  ; 0               ; 0               ; 0               ; 0               ; 0               ; 0              ; 0              ; 0              ; 0              ; 0              ; 0              ; 0              ; 0              ; 0              ; 0              ;
; next_state.ST1  ; 0               ; 0               ; 0               ; 0               ; 0               ; 0              ; 0              ; 0              ; 0              ; 0              ; 0              ; 0              ; 0              ; 1              ; 1              ;
; next_state.ST2  ; 0               ; 0               ; 0               ; 0               ; 0               ; 0              ; 0              ; 0              ; 0              ; 0              ; 0              ; 0              ; 1              ; 0              ; 1              ;
; next_state.ST3  ; 0               ; 0               ; 0               ; 0               ; 0               ; 0              ; 0              ; 0              ; 0              ; 0              ; 0              ; 1              ; 0              ; 0              ; 1              ;
; next_state.ST4  ; 0               ; 0               ; 0               ; 0               ; 0               ; 0              ; 0              ; 0              ; 0              ; 0              ; 1              ; 0              ; 0              ; 0              ; 1              ;
; next_state.ST5  ; 0               ; 0               ; 0               ; 0               ; 0               ; 0              ; 0              ; 0              ; 0              ; 1              ; 0              ; 0              ; 0              ; 0              ; 1              ;
; next_state.ST6  ; 0               ; 0               ; 0               ; 0               ; 0               ; 0              ; 0              ; 0              ; 1              ; 0              ; 0              ; 0              ; 0              ; 0              ; 1              ;
; next_state.ST7  ; 0               ; 0               ; 0               ; 0               ; 0               ; 0              ; 0              ; 1              ; 0              ; 0              ; 0              ; 0              ; 0              ; 0              ; 1              ;
; next_state.ST8  ; 0               ; 0               ; 0               ; 0               ; 0               ; 0              ; 1              ; 0              ; 0              ; 0              ; 0              ; 0              ; 0              ; 0              ; 1              ;
; next_state.ST9  ; 0               ; 0               ; 0               ; 0               ; 0               ; 1              ; 0              ; 0              ; 0              ; 0              ; 0              ; 0              ; 0              ; 0              ; 1              ;
; next_state.ST10 ; 0               ; 0               ; 0               ; 0               ; 1               ; 0              ; 0              ; 0              ; 0              ; 0              ; 0              ; 0              ; 0              ; 0              ; 1              ;
; next_state.ST11 ; 0               ; 0               ; 0               ; 1               ; 0               ; 0              ; 0              ; 0              ; 0              ; 0              ; 0              ; 0              ; 0              ; 0              ; 1              ;
; next_state.ST12 ; 0               ; 0               ; 1               ; 0               ; 0               ; 0              ; 0              ; 0              ; 0              ; 0              ; 0              ; 0              ; 0              ; 0              ; 1              ;
; next_state.ST13 ; 0               ; 1               ; 0               ; 0               ; 0               ; 0              ; 0              ; 0              ; 0              ; 0              ; 0              ; 0              ; 0              ; 0              ; 1              ;
; next_state.ST14 ; 1               ; 0               ; 0               ; 0               ; 0               ; 0              ; 0              ; 0              ; 0              ; 0              ; 0              ; 0              ; 0              ; 0              ; 1              ;
+-----------------+-----------------+-----------------+-----------------+-----------------+-----------------+----------------+----------------+----------------+----------------+----------------+----------------+----------------+----------------+----------------+----------------+


+------------------------------------------------------+
; General Register Statistics                          ;
+----------------------------------------------+-------+
; Statistic                                    ; Value ;
+----------------------------------------------+-------+
; Total registers                              ; 48    ;
; Number of registers using Synchronous Clear  ; 0     ;
; Number of registers using Synchronous Load   ; 0     ;
; Number of registers using Asynchronous Clear ; 33    ;
; Number of registers using Asynchronous Load  ; 0     ;
; Number of registers using Clock Enable       ; 5     ;
; Number of registers using Preset             ; 0     ;
+----------------------------------------------+-------+


+--------------------------------------------------+
; Inverted Register Statistics                     ;
+----------------------------------------+---------+
; Inverted Register                      ; Fan out ;
+----------------------------------------+---------+
; DIVIDER:A1|temp                        ; 16      ;
; Total number of inverted registers = 1 ;         ;
+----------------------------------------+---------+


+------------------------------------------------------------------------------------------------------------------------------------------+
; Multiplexer Restructuring Statistics (Restructuring Performed)                                                                           ;
+--------------------+-----------+---------------+----------------------+------------------------+------------+----------------------------+
; Multiplexer Inputs ; Bus Width ; Baseline Area ; Area if Restructured ; Saving if Restructured ; Registered ; Example Multiplexer Output ;
+--------------------+-----------+---------------+----------------------+------------------------+------------+----------------------------+
; 13:1               ; 11 bits   ; 88 LEs        ; 44 LEs               ; 44 LEs                 ; No         ; |traffic|FSM:A2|next_state ;
; 22:1               ; 2 bits    ; 28 LEs        ; 28 LEs               ; 0 LEs                  ; No         ; |traffic|FSM:A2|next_state ;
+--------------------+-----------+---------------+----------------------+------------------------+------------+----------------------------+


+-----------------------------------------------------+
; Post-Synthesis Netlist Statistics for Top Partition ;
+-----------------------+-----------------------------+
; Type                  ; Count                       ;
+-----------------------+-----------------------------+
; boundary_port         ; 36                          ;
; cycloneiii_ff         ; 48                          ;
;     CLR               ; 33                          ;
;     ENA               ; 5                           ;
;     plain             ; 10                          ;
; cycloneiii_lcell_comb ; 102                         ;
;     arith             ; 31                          ;
;         2 data inputs ; 31                          ;
;     normal            ; 71                          ;
;         0 data inputs ; 2                           ;
;         1 data inputs ; 7                           ;
;         2 data inputs ; 12                          ;
;         3 data inputs ; 21                          ;
;         4 data inputs ; 29                          ;
;                       ;                             ;
; Max LUT depth         ; 5.00                        ;
; Average LUT depth     ; 3.34                        ;
+-----------------------+-----------------------------+


+-------------------------------+
; Elapsed Time Per Partition    ;
+----------------+--------------+
; Partition Name ; Elapsed Time ;
+----------------+--------------+
; Top            ; 00:00:00     ;
+----------------+--------------+


+-------------------------------+
; Analysis & Synthesis Messages ;
+-------------------------------+
Info: *******************************************************************
Info: Running Quartus Prime Analysis & Synthesis
    Info: Version 18.0.0 Build 614 04/24/2018 SJ Lite Edition
    Info: Processing started: Tue Dec 04 15:27:39 2018
Info: Command: quartus_map --read_settings_files=on --write_settings_files=off traffic -c traffic
Warning (18236): Number of processors has not been specified which may cause overloading on shared machines.  Set the global assignment NUM_PARALLEL_PROCESSORS in your QSF to an appropriate value for best performance.
Info (20030): Parallel compilation is enabled and will use 4 of the 4 processors detected
Info (12021): Found 2 design units, including 1 entities, in source file traffic.vhd
    Info (12022): Found design unit 1: traffic-behavioral File: C:/Users/cas0618/TRAFFIC 2/TRAFFIC/traffic.vhd Line: 14
    Info (12023): Found entity 1: traffic File: C:/Users/cas0618/TRAFFIC 2/TRAFFIC/traffic.vhd Line: 5
Info (12021): Found 2 design units, including 1 entities, in source file divider.vhd
    Info (12022): Found design unit 1: DIVIDER-behavioral File: C:/Users/cas0618/TRAFFIC 2/TRAFFIC/DIVIDER.vhd Line: 12
    Info (12023): Found entity 1: DIVIDER File: C:/Users/cas0618/TRAFFIC 2/TRAFFIC/DIVIDER.vhd Line: 6
Info (12021): Found 2 design units, including 1 entities, in source file fsm.vhd
    Info (12022): Found design unit 1: FSM-Behavioural File: C:/Users/cas0618/TRAFFIC 2/TRAFFIC/FSM.vhd Line: 18
    Info (12023): Found entity 1: FSM File: C:/Users/cas0618/TRAFFIC 2/TRAFFIC/FSM.vhd Line: 6
Info (12127): Elaborating entity "traffic" for the top level hierarchy
Info (12129): Elaborating entity "DIVIDER" using architecture "A:behavioral" for hierarchy "DIVIDER:A1" File: C:/Users/cas0618/TRAFFIC 2/TRAFFIC/traffic.vhd Line: 18
Warning (10492): VHDL Process Statement warning at DIVIDER.vhd(36): signal "temp" is read inside the Process Statement but isn't in the Process Statement's sensitivity list File: C:/Users/cas0618/TRAFFIC 2/TRAFFIC/DIVIDER.vhd Line: 36
Info (12129): Elaborating entity "FSM" using architecture "A:behavioural" for hierarchy "FSM:A2" File: C:/Users/cas0618/TRAFFIC 2/TRAFFIC/traffic.vhd Line: 21
Info (13000): Registers with preset signals will power-up high File: C:/Users/cas0618/TRAFFIC 2/TRAFFIC/DIVIDER.vhd Line: 19
Info (13003): DEV_CLRn pin will set, and not reset, register with preset signal due to NOT Gate Push-Back
Warning (13024): Output pins are stuck at VCC or GND
    Warning (13410): Pin "LEDG[1]" is stuck at GND File: C:/Users/cas0618/TRAFFIC 2/TRAFFIC/traffic.vhd Line: 8
    Warning (13410): Pin "LEDG[2]" is stuck at GND File: C:/Users/cas0618/TRAFFIC 2/TRAFFIC/traffic.vhd Line: 8
    Warning (13410): Pin "LEDG[3]" is stuck at GND File: C:/Users/cas0618/TRAFFIC 2/TRAFFIC/traffic.vhd Line: 8
    Warning (13410): Pin "LEDG[4]" is stuck at GND File: C:/Users/cas0618/TRAFFIC 2/TRAFFIC/traffic.vhd Line: 8
    Warning (13410): Pin "LEDG[6]" is stuck at GND File: C:/Users/cas0618/TRAFFIC 2/TRAFFIC/traffic.vhd Line: 8
    Warning (13410): Pin "LEDG[7]" is stuck at GND File: C:/Users/cas0618/TRAFFIC 2/TRAFFIC/traffic.vhd Line: 8
    Warning (13410): Pin "HEX0[6]" is stuck at VCC File: C:/Users/cas0618/TRAFFIC 2/TRAFFIC/traffic.vhd Line: 9
    Warning (13410): Pin "HEX1[6]" is stuck at VCC File: C:/Users/cas0618/TRAFFIC 2/TRAFFIC/traffic.vhd Line: 10
    Warning (13410): Pin "LEDR[0]" is stuck at GND File: C:/Users/cas0618/TRAFFIC 2/TRAFFIC/traffic.vhd Line: 11
    Warning (13410): Pin "LEDR[1]" is stuck at GND File: C:/Users/cas0618/TRAFFIC 2/TRAFFIC/traffic.vhd Line: 11
    Warning (13410): Pin "LEDR[3]" is stuck at GND File: C:/Users/cas0618/TRAFFIC 2/TRAFFIC/traffic.vhd Line: 11
    Warning (13410): Pin "LEDR[4]" is stuck at GND File: C:/Users/cas0618/TRAFFIC 2/TRAFFIC/traffic.vhd Line: 11
    Warning (13410): Pin "LEDR[5]" is stuck at GND File: C:/Users/cas0618/TRAFFIC 2/TRAFFIC/traffic.vhd Line: 11
    Warning (13410): Pin "LEDR[6]" is stuck at GND File: C:/Users/cas0618/TRAFFIC 2/TRAFFIC/traffic.vhd Line: 11
Info (286030): Timing-Driven Synthesis is running
Info (16010): Generating hard_block partition "hard_block:auto_generated_inst"
    Info (16011): Adding 0 node(s), including 0 DDIO, 0 PLL, 0 transceiver and 0 LCELL
Info (21057): Implemented 130 device resources after synthesis - the final resource count might be different
    Info (21058): Implemented 6 input pins
    Info (21059): Implemented 30 output pins
    Info (21061): Implemented 94 logic cells
Info: Quartus Prime Analysis & Synthesis was successful. 0 errors, 17 warnings
    Info: Peak virtual memory: 4826 megabytes
    Info: Processing ended: Tue Dec 04 15:27:53 2018
    Info: Elapsed time: 00:00:14
    Info: Total CPU time (on all processors): 00:00:25


